<?xml version="1.0" encoding="UTF-8"?>
<coverage generated="1686256090410" clover="3.2.0">
  <project timestamp="1686256090410" name="All files">
    <metrics statements="20" coveredstatements="2" conditionals="10" coveredconditionals="0" methods="5" coveredmethods="1" elements="35" coveredelements="3" complexity="0" loc="20" ncloc="20" packages="1" files="1" classes="1"/>
    <file name="math.js" path="D:\Fichiers\Git\CodeGarage\unit-test-js-basic\src\math.js">
      <metrics statements="20" coveredstatements="2" conditionals="10" coveredconditionals="0" methods="5" coveredmethods="1"/>
      <line num="2" count="1" type="stmt"/>
      <line num="6" count="0" type="stmt"/>
      <line num="10" count="0" type="cond" truecount="0" falsecount="2"/>
      <line num="11" count="0" type="stmt"/>
      <line num="13" count="0" type="stmt"/>
      <line num="17" count="0" type="cond" truecount="0" falsecount="2"/>
      <line num="18" count="0" type="stmt"/>
      <line num="21" count="0" type="stmt"/>
      <line num="22" count="0" type="cond" truecount="0" falsecount="2"/>
      <line num="23" count="0" type="stmt"/>
      <line num="27" count="0" type="stmt"/>
      <line num="31" count="0" type="cond" truecount="0" falsecount="2"/>
      <line num="32" count="0" type="stmt"/>
      <line num="35" count="0" type="cond" truecount="0" falsecount="2"/>
      <line num="36" count="0" type="stmt"/>
      <line num="39" count="0" type="stmt"/>
      <line num="40" count="0" type="stmt"/>
      <line num="41" count="0" type="stmt"/>
      <line num="44" count="0" type="stmt"/>
      <line num="47" count="1" type="stmt"/>
    </file>
  </project>
</coverage>
