TN:
SF:src\math.js
FN:1,sum
FN:5,multiply
FN:9,divide
FN:16,isPrime
FN:30,factorial
FNF:5
FNH:1
FNDA:1,sum
FNDA:0,multiply
FNDA:0,divide
FNDA:0,isPrime
FNDA:0,factorial
DA:2,1
DA:6,0
DA:10,0
DA:11,0
DA:13,0
DA:17,0
DA:18,0
DA:21,0
DA:22,0
DA:23,0
DA:27,0
DA:31,0
DA:32,0
DA:35,0
DA:36,0
DA:39,0
DA:40,0
DA:41,0
DA:44,0
DA:47,1
LF:20
LH:2
BRDA:10,0,0,0
BRDA:10,0,1,0
BRDA:17,1,0,0
BRDA:17,1,1,0
BRDA:22,2,0,0
BRDA:22,2,1,0
BRDA:31,3,0,0
BRDA:31,3,1,0
BRDA:35,4,0,0
BRDA:35,4,1,0
BRF:10
BRH:0
end_of_record
